<?xml version="1.0" encoding="UTF-8"?>
<testsuite name="br.com.alissonbolsoni.bluestore.core.usecase.impl.AlbumUseCaseImplTest" tests="7" skipped="0" failures="0" errors="0" timestamp="2019-12-06T14:02:26" hostname="DES-SFTW-19" time="0.046">
  <properties/>
  <testcase name="testGetAllAlbumsWithError()" classname="br.com.alissonbolsoni.bluestore.core.usecase.impl.AlbumUseCaseImplTest" time="0.018"/>
  <testcase name="testGetAllAlbumsWithSuccess()" classname="br.com.alissonbolsoni.bluestore.core.usecase.impl.AlbumUseCaseImplTest" time="0.005"/>
  <testcase name="testGetAlbumsByGenreWithSuccess()" classname="br.com.alissonbolsoni.bluestore.core.usecase.impl.AlbumUseCaseImplTest" time="0.0"/>
  <testcase name="testGetAlbumByIdWithError()" classname="br.com.alissonbolsoni.bluestore.core.usecase.impl.AlbumUseCaseImplTest" time="0.003"/>
  <testcase name="testGetAlbumsByGenreWithGenreError()" classname="br.com.alissonbolsoni.bluestore.core.usecase.impl.AlbumUseCaseImplTest" time="0.001"/>
  <testcase name="testGetAlbumsByGenreWithPageError()" classname="br.com.alissonbolsoni.bluestore.core.usecase.impl.AlbumUseCaseImplTest" time="0.0"/>
  <testcase name="testGetAlbumByIdWithSuccess()" classname="br.com.alissonbolsoni.bluestore.core.usecase.impl.AlbumUseCaseImplTest" time="0.0"/>
  <system-out><![CDATA[]]></system-out>
  <system-err><![CDATA[]]></system-err>
</testsuite>
